2025-12-07 08:20:27,397 - INFO - Application opened
2025-12-07 08:20:45,389 - INFO - Application closed by user
2025-12-07 08:21:14,405 - INFO - Application opened
2025-12-07 08:21:31,048 - INFO - Application closed by user
2025-12-07 08:26:54,441 - INFO - Application opened
2025-12-07 08:27:27,625 - INFO - Application closed by user
2025-12-07 08:27:27,852 - INFO - Application opened
2025-12-07 08:27:51,021 - INFO - Application closed by user
2025-12-07 08:31:32,196 - INFO - Application opened
2025-12-07 08:31:43,537 - INFO - Application closed by user
2025-12-07 08:32:04,278 - INFO - Application opened
2025-12-07 08:32:13,424 - INFO - Application closed by user
2025-12-07 08:33:12,057 - INFO - Application opened
2025-12-07 08:33:29,160 - INFO - Application closed by user
2025-12-07 19:43:51,397 - INFO - Application opened
2025-12-07 19:44:04,971 - INFO - Application closed by user
2025-12-07 19:44:37,791 - INFO - Application opened
2025-12-07 19:45:17,213 - INFO - Application closed by user
2025-12-07 19:45:19,878 - INFO - Application opened
2025-12-07 19:45:34,102 - INFO - Application closed by user
2025-12-07 19:46:13,277 - INFO - Application opened
2025-12-07 19:46:30,570 - INFO - Application closed by user
2025-12-07 19:46:55,700 - INFO - Application opened
2025-12-07 19:47:07,847 - INFO - Application closed by user
2025-12-07 19:47:15,471 - INFO - Application opened
2025-12-07 19:47:25,262 - INFO - Application closed by user
2025-12-07 19:47:29,783 - INFO - Application opened
2025-12-07 19:47:48,394 - INFO - Application closed by user
2025-12-07 19:49:29,743 - INFO - Application opened
2025-12-07 19:49:45,114 - INFO - Application closed by user
2025-12-07 19:51:35,070 - INFO - Application opened
2025-12-07 19:51:57,078 - INFO - Application closed by user
2025-12-07 19:52:11,331 - INFO - Application opened
2025-12-07 19:52:32,521 - INFO - Application minimized - locked
2025-12-07 19:52:39,089 - INFO - Application closed by user
2025-12-07 19:55:25,427 - INFO - Application opened
2025-12-07 19:55:35,621 - INFO - Application closed by user
2025-12-07 19:56:27,339 - INFO - Application opened
2025-12-07 19:56:40,380 - INFO - Application opened
2025-12-07 19:56:51,824 - INFO - Application closed by user
2025-12-07 19:59:44,279 - INFO - Application opened
2025-12-07 20:00:06,637 - INFO - Application closed by user
2025-12-07 20:02:17,747 - INFO - Application opened
2025-12-07 20:02:32,159 - INFO - Application closed by user
2025-12-07 20:03:52,092 - INFO - Application opened
2025-12-07 20:04:15,844 - INFO - Application closed by user
2025-12-07 20:05:01,379 - INFO - Application opened
2025-12-07 20:05:11,294 - INFO - Application closed by user
2025-12-07 20:05:19,390 - INFO - Application opened
2025-12-07 20:05:29,912 - INFO - Application closed by user
2025-12-07 20:05:41,777 - INFO - Application opened
2025-12-07 20:05:57,724 - INFO - Application closed by user
2025-12-07 20:06:47,547 - INFO - Application opened
2025-12-07 20:07:01,343 - INFO - Application closed by user
2025-12-07 20:07:21,599 - INFO - Application opened
2025-12-07 20:07:36,976 - INFO - Application closed by user
2025-12-07 20:07:42,727 - INFO - Application opened
2025-12-07 20:08:03,565 - INFO - Application closed by user
2025-12-08 00:16:10,424 - INFO - Application opened
2025-12-08 00:16:26,067 - INFO - Application minimized - locked
2025-12-08 00:18:26,719 - INFO - Application closed by user
2025-12-08 00:18:26,936 - INFO - Application opened
2025-12-08 00:18:47,182 - INFO - Application closed by user
2025-12-08 00:20:30,507 - INFO - Application opened
2025-12-08 00:20:47,095 - INFO - Application closed by user
2025-12-08 00:21:30,695 - INFO - Application opened
2025-12-08 00:21:41,814 - INFO - Application closed by user
2025-12-08 00:22:20,711 - INFO - Application opened
2025-12-08 00:22:30,740 - INFO - Application closed by user
2025-12-08 00:22:48,477 - INFO - Application opened
2025-12-08 00:22:58,469 - INFO - Application closed by user
2025-12-08 01:12:13,858 - INFO - Application opened
2025-12-08 01:12:31,170 - INFO - Application closed by user
2025-12-08 01:15:23,131 - INFO - Application opened
2025-12-08 01:15:48,033 - INFO - Application closed by user
2025-12-08 01:15:52,679 - INFO - Application opened
2025-12-08 01:17:08,732 - INFO - Application locked due to inactivity
2025-12-08 01:19:23,637 - INFO - Application opened
2025-12-08 01:19:46,606 - INFO - Application minimized - locked
2025-12-08 01:31:50,109 - INFO - Application opened
2025-12-08 01:32:07,166 - INFO - Application closed by user
2025-12-08 01:38:11,018 - INFO - Application opened
2025-12-08 01:38:25,510 - INFO - Application closed by user
2025-12-08 01:38:34,023 - INFO - Application opened
2025-12-08 01:38:57,922 - INFO - Application closed by user
2025-12-11 10:10:47,853 - INFO - Application opened
2025-12-11 10:11:10,858 - INFO - Application closed by user
2025-12-11 10:14:39,994 - INFO - Application opened
2025-12-11 10:15:13,117 - INFO - Application closed by user
2025-12-11 10:21:39,523 - INFO - Application opened
2025-12-11 10:22:26,019 - INFO - Application closed by user
2025-12-11 22:51:26,227 - INFO - Application opened
2025-12-11 22:52:54,658 - INFO - Application locked due to inactivity
2025-12-11 22:56:34,364 - INFO - Application opened
2025-12-11 22:56:59,664 - INFO - Application closed by user
2025-12-11 22:58:14,169 - INFO - Application opened
2025-12-11 22:59:31,079 - INFO - Application locked due to inactivity
2025-12-11 23:00:06,528 - INFO - Application unlocked successfully
2025-12-11 23:00:09,291 - INFO - Application closed by user
2025-12-11 23:01:25,726 - INFO - Application opened
2025-12-11 23:01:47,274 - INFO - Application closed by user
2025-12-11 23:02:02,432 - INFO - Application opened
2025-12-11 23:02:48,421 - INFO - Application closed by user
2025-12-12 09:34:08,658 - INFO - Application opened
2025-12-12 09:34:44,523 - INFO - Application unlocked successfully
2025-12-12 09:35:45,933 - INFO - Application locked due to inactivity
2025-12-12 09:37:33,848 - INFO - Application unlocked successfully
2025-12-12 09:38:01,153 - INFO - Application closed by user
2026-01-06 14:59:06,215 - INFO - Application opened
2026-01-06 14:59:40,213 - INFO - Application closed by user
2026-01-06 15:00:41,405 - INFO - Application opened
2026-01-06 15:00:46,875 - INFO - Application minimized - locked
2026-01-06 15:10:05,582 - INFO - Application opened
2026-01-06 15:11:30,741 - INFO - Settings saved successfully
2026-01-06 15:11:42,278 - INFO - Settings saved successfully
2026-01-06 15:11:44,495 - INFO - Application minimized - locked
2026-01-06 15:11:50,402 - INFO - Application unlocked successfully
2026-01-06 15:12:03,397 - INFO - Credentials saved successfully
2026-01-06 15:12:03,397 - INFO - Credential added for service: [test | test]
2026-01-06 15:12:04,032 - INFO - Credential added via UI: [test | test]
2026-01-06 15:12:09,901 - INFO - Password copied to clipboard: [test | test]
2026-01-06 15:12:18,978 - INFO - Clipboard cleared after timeout
2026-01-06 15:13:11,263 - INFO - Application locked due to inactivity
2026-01-06 15:13:44,295 - INFO - Application opened
2026-01-06 15:13:49,474 - INFO - Credentials loaded successfully
2026-01-06 15:13:57,286 - INFO - All data cleared via settings
2026-01-06 15:14:04,572 - INFO - Settings saved successfully
2026-01-06 15:14:25,287 - INFO - Credentials saved successfully
2026-01-06 15:14:25,288 - INFO - Credential deleted: [test | test]
2026-01-06 15:14:26,210 - INFO - Credential deleted via UI: [test | test]
2026-01-06 15:14:30,056 - INFO - Application closed by user
